BOT READY
[
  User {
    id: '86096582923018240',
    system: null,
    locale: null,
    flags: UserFlags { bitfield: 0 },
    username: 'Fer',
    bot: false,
    discriminator: '8878',
    avatar: 'e1a59d8e758cf8fb2959132cc60cf813',
    lastMessageID: '859067524918149130',
    lastMessageChannelID: '234135579950972928'
  }
]
[
  User {
    id: '86096582923018240',
    system: null,
    locale: null,
    flags: UserFlags { bitfield: 0 },
    username: 'Fer',
    bot: false,
    discriminator: '8878',
    avatar: 'e1a59d8e758cf8fb2959132cc60cf813',
    lastMessageID: '859067653397282827',
    lastMessageChannelID: '689466577476649172'
  },
  User {
    id: '86096582923018240',
    system: null,
    locale: null,
    flags: UserFlags { bitfield: 0 },
    username: 'Fer',
    bot: false,
    discriminator: '8878',
    avatar: 'e1a59d8e758cf8fb2959132cc60cf813',
    lastMessageID: '859067653397282827',
    lastMessageChannelID: '689466577476649172'
  }
]
[
  User {
    id: '86096582923018240',
    system: null,
    locale: null,
    flags: UserFlags { bitfield: 0 },
    username: 'Fer',
    bot: false,
    discriminator: '8878',
    avatar: 'e1a59d8e758cf8fb2959132cc60cf813',
    lastMessageID: '859067660057706557',
    lastMessageChannelID: '689466577476649172'
  },
  User {
    id: '86096582923018240',
    system: null,
    locale: null,
    flags: UserFlags { bitfield: 0 },
    username: 'Fer',
    bot: false,
    discriminator: '8878',
    avatar: 'e1a59d8e758cf8fb2959132cc60cf813',
    lastMessageID: '859067660057706557',
    lastMessageChannelID: '689466577476649172'
  },
  User {
    id: '86096582923018240',
    system: null,
    locale: null,
    flags: UserFlags { bitfield: 0 },
    username: 'Fer',
    bot: false,
    discriminator: '8878',
    avatar: 'e1a59d8e758cf8fb2959132cc60cf813',
    lastMessageID: '859067660057706557',
    lastMessageChannelID: '689466577476649172'
  }
]
[
  User {
    id: '86096582923018240',
    system: null,
    locale: null,
    flags: UserFlags { bitfield: 0 },
    username: 'Fer',
    bot: false,
    discriminator: '8878',
    avatar: 'e1a59d8e758cf8fb2959132cc60cf813',
    lastMessageID: '859067663854469161',
    lastMessageChannelID: '689466577476649172'
  },
  User {
    id: '86096582923018240',
    system: null,
    locale: null,
    flags: UserFlags { bitfield: 0 },
    username: 'Fer',
    bot: false,
    discriminator: '8878',
    avatar: 'e1a59d8e758cf8fb2959132cc60cf813',
    lastMessageID: '859067663854469161',
    lastMessageChannelID: '689466577476649172'
  },
  User {
    id: '86096582923018240',
    system: null,
    locale: null,
    flags: UserFlags { bitfield: 0 },
    username: 'Fer',
    bot: false,
    discriminator: '8878',
    avatar: 'e1a59d8e758cf8fb2959132cc60cf813',
    lastMessageID: '859067663854469161',
    lastMessageChannelID: '689466577476649172'
  },
  User {
    id: '86096582923018240',
    system: null,
    locale: null,
    flags: UserFlags { bitfield: 0 },
    username: 'Fer',
    bot: false,
    discriminator: '8878',
    avatar: 'e1a59d8e758cf8fb2959132cc60cf813',
    lastMessageID: '859067663854469161',
    lastMessageChannelID: '689466577476649172'
  }
]
[
  User {
    id: '86096582923018240',
    system: null,
    locale: null,
    flags: UserFlags { bitfield: 0 },
    username: 'Fer',
    bot: false,
    discriminator: '8878',
    avatar: 'e1a59d8e758cf8fb2959132cc60cf813',
    lastMessageID: '859067667141754890',
    lastMessageChannelID: '689466577476649172'
  },
  User {
    id: '86096582923018240',
    system: null,
    locale: null,
    flags: UserFlags { bitfield: 0 },
    username: 'Fer',
    bot: false,
    discriminator: '8878',
    avatar: 'e1a59d8e758cf8fb2959132cc60cf813',
    lastMessageID: '859067667141754890',
    lastMessageChannelID: '689466577476649172'
  },
  User {
    id: '86096582923018240',
    system: null,
    locale: null,
    flags: UserFlags { bitfield: 0 },
    username: 'Fer',
    bot: false,
    discriminator: '8878',
    avatar: 'e1a59d8e758cf8fb2959132cc60cf813',
    lastMessageID: '859067667141754890',
    lastMessageChannelID: '689466577476649172'
  },
  User {
    id: '86096582923018240',
    system: null,
    locale: null,
    flags: UserFlags { bitfield: 0 },
    username: 'Fer',
    bot: false,
    discriminator: '8878',
    avatar: 'e1a59d8e758cf8fb2959132cc60cf813',
    lastMessageID: '859067667141754890',
    lastMessageChannelID: '689466577476649172'
  },
  User {
    id: '86096582923018240',
    system: null,
    locale: null,
    flags: UserFlags { bitfield: 0 },
    username: 'Fer',
    bot: false,
    discriminator: '8878',
    avatar: 'e1a59d8e758cf8fb2959132cc60cf813',
    lastMessageID: '859067667141754890',
    lastMessageChannelID: '689466577476649172'
  }
]
[
  User {
    id: '185187806447009793',
    system: null,
    locale: null,
    flags: UserFlags { bitfield: 0 },
    username: 'nEwwbit0',
    bot: false,
    discriminator: '0012',
    avatar: 'baebc51cfe761ab73b1b7d43e6f7c68b',
    lastMessageID: '859080401195499520',
    lastMessageChannelID: '689466577476649172'
  }
]
[
  User {
    id: '185187806447009793',
    system: null,
    locale: null,
    flags: UserFlags { bitfield: 0 },
    username: 'nEwwbit0',
    bot: false,
    discriminator: '0012',
    avatar: 'baebc51cfe761ab73b1b7d43e6f7c68b',
    lastMessageID: '859080401195499520',
    lastMessageChannelID: '689466577476649172'
  },
  User {
    id: '543988034316795905',
    system: null,
    locale: null,
    flags: UserFlags { bitfield: 0 },
    username: 'lucas_cdgcat92',
    bot: false,
    discriminator: '0417',
    avatar: '7010c0d9b25d42b7af994a1676bff6f0',
    lastMessageID: '859080460600606740',
    lastMessageChannelID: '689466577476649172'
  }
]
[
  User {
    id: '185187806447009793',
    system: null,
    locale: null,
    flags: UserFlags { bitfield: 0 },
    username: 'nEwwbit0',
    bot: false,
    discriminator: '0012',
    avatar: 'baebc51cfe761ab73b1b7d43e6f7c68b',
    lastMessageID: '859080401195499520',
    lastMessageChannelID: '689466577476649172'
  },
  User {
    id: '543988034316795905',
    system: null,
    locale: null,
    flags: UserFlags { bitfield: 0 },
    username: 'lucas_cdgcat92',
    bot: false,
    discriminator: '0417',
    avatar: '7010c0d9b25d42b7af994a1676bff6f0',
    lastMessageID: '859080460600606740',
    lastMessageChannelID: '689466577476649172'
  },
  User {
    id: '304438001612750849',
    system: null,
    locale: null,
    flags: UserFlags { bitfield: 0 },
    username: 'PoLiTo',
    bot: false,
    discriminator: '1623',
    avatar: '42b7a8dd5cf88f4f9c7196d004b61dc1',
    lastMessageID: '859080466391629914',
    lastMessageChannelID: '689466577476649172'
  }
]
[
  User {
    id: '185187806447009793',
    system: null,
    locale: null,
    flags: UserFlags { bitfield: 0 },
    username: 'nEwwbit0',
    bot: false,
    discriminator: '0012',
    avatar: 'baebc51cfe761ab73b1b7d43e6f7c68b',
    lastMessageID: null,
    lastMessageChannelID: null
  },
  User {
    id: '543988034316795905',
    system: null,
    locale: null,
    flags: UserFlags { bitfield: 0 },
    username: 'lucas_cdgcat92',
    bot: false,
    discriminator: '0417',
    avatar: '7010c0d9b25d42b7af994a1676bff6f0',
    lastMessageID: '859080460600606740',
    lastMessageChannelID: '689466577476649172'
  },
  User {
    id: '304438001612750849',
    system: null,
    locale: null,
    flags: UserFlags { bitfield: 0 },
    username: 'PoLiTo',
    bot: false,
    discriminator: '1623',
    avatar: '42b7a8dd5cf88f4f9c7196d004b61dc1',
    lastMessageID: '859080466391629914',
    lastMessageChannelID: '689466577476649172'
  },
  User {
    id: '86096582923018240',
    system: null,
    locale: null,
    flags: UserFlags { bitfield: 0 },
    username: 'Fer',
    bot: false,
    discriminator: '8878',
    avatar: 'e1a59d8e758cf8fb2959132cc60cf813',
    lastMessageID: '859080637478600761',
    lastMessageChannelID: '689466577476649172'
  }
]
[
  User {
    id: '185187806447009793',
    system: null,
    locale: null,
    flags: UserFlags { bitfield: 0 },
    username: 'nEwwbit0',
    bot: false,
    discriminator: '0012',
    avatar: 'baebc51cfe761ab73b1b7d43e6f7c68b',
    lastMessageID: null,
    lastMessageChannelID: null
  },
  User {
    id: '543988034316795905',
    system: null,
    locale: null,
    flags: UserFlags { bitfield: 0 },
    username: 'lucas_cdgcat92',
    bot: false,
    discriminator: '0417',
    avatar: '7010c0d9b25d42b7af994a1676bff6f0',
    lastMessageID: '859080460600606740',
    lastMessageChannelID: '689466577476649172'
  },
  User {
    id: '304438001612750849',
    system: null,
    locale: null,
    flags: UserFlags { bitfield: 0 },
    username: 'PoLiTo',
    bot: false,
    discriminator: '1623',
    avatar: '42b7a8dd5cf88f4f9c7196d004b61dc1',
    lastMessageID: '859080466391629914',
    lastMessageChannelID: '689466577476649172'
  },
  User {
    id: '86096582923018240',
    system: null,
    locale: null,
    flags: UserFlags { bitfield: 0 },
    username: 'Fer',
    bot: false,
    discriminator: '8878',
    avatar: 'e1a59d8e758cf8fb2959132cc60cf813',
    lastMessageID: '859080637478600761',
    lastMessageChannelID: '689466577476649172'
  },
  User {
    id: '469351699736166404',
    system: null,
    locale: null,
    flags: UserFlags { bitfield: 0 },
    username: 'El Gonzi',
    bot: false,
    discriminator: '0668',
    avatar: null,
    lastMessageID: '859080743501299723',
    lastMessageChannelID: '689466577476649172'
  }
]
[
  User {
    id: '543988034316795905',
    system: null,
    locale: null,
    flags: UserFlags { bitfield: 0 },
    username: 'lucas_cdgcat92',
    bot: false,
    discriminator: '0417',
    avatar: '7010c0d9b25d42b7af994a1676bff6f0',
    lastMessageID: '859141574306430996',
    lastMessageChannelID: '689466577476649172'
  }
]
[
  User {
    id: '543988034316795905',
    system: null,
    locale: null,
    flags: UserFlags { bitfield: 0 },
    username: 'lucas_cdgcat92',
    bot: false,
    discriminator: '0417',
    avatar: '7010c0d9b25d42b7af994a1676bff6f0',
    lastMessageID: '859141574306430996',
    lastMessageChannelID: '689466577476649172'
  },
  User {
    id: '86096582923018240',
    system: null,
    locale: null,
    flags: UserFlags { bitfield: 0 },
    username: 'Fer',
    bot: false,
    discriminator: '8878',
    avatar: 'e1a59d8e758cf8fb2959132cc60cf813',
    lastMessageID: '859141623434051617',
    lastMessageChannelID: '689466577476649172'
  }
]
[
  User {
    id: '543988034316795905',
    system: null,
    locale: null,
    flags: UserFlags { bitfield: 0 },
    username: 'lucas_cdgcat92',
    bot: false,
    discriminator: '0417',
    avatar: '7010c0d9b25d42b7af994a1676bff6f0',
    lastMessageID: '859141574306430996',
    lastMessageChannelID: '689466577476649172'
  },
  User {
    id: '86096582923018240',
    system: null,
    locale: null,
    flags: UserFlags { bitfield: 0 },
    username: 'Fer',
    bot: false,
    discriminator: '8878',
    avatar: 'e1a59d8e758cf8fb2959132cc60cf813',
    lastMessageID: '859141623434051617',
    lastMessageChannelID: '689466577476649172'
  },
  User {
    id: '565743897628901376',
    system: null,
    locale: null,
    flags: UserFlags { bitfield: 0 },
    username: 'Franco14rp',
    bot: false,
    discriminator: '5173',
    avatar: 'b1aaa07d48edaac67ba9657d5ed070a2',
    lastMessageID: '859144460126519296',
    lastMessageChannelID: '689466577476649172'
  }
]
BOT READY
[
  User {
    id: '543988034316795905',
    system: null,
    locale: null,
    flags: UserFlags { bitfield: 0 },
    username: 'lucas_cdgcat92',
    bot: false,
    discriminator: '0417',
    avatar: '7010c0d9b25d42b7af994a1676bff6f0',
    lastMessageID: '859455344195796992',
    lastMessageChannelID: '689466577476649172'
  }
]
[
  User {
    id: '543988034316795905',
    system: null,
    locale: null,
    flags: UserFlags { bitfield: 0 },
    username: 'lucas_cdgcat92',
    bot: false,
    discriminator: '0417',
    avatar: '7010c0d9b25d42b7af994a1676bff6f0',
    lastMessageID: '859455344195796992',
    lastMessageChannelID: '689466577476649172'
  },
  User {
    id: '86096582923018240',
    system: null,
    locale: null,
    flags: UserFlags { bitfield: 0 },
    username: 'Fer',
    bot: false,
    discriminator: '8878',
    avatar: 'e1a59d8e758cf8fb2959132cc60cf813',
    lastMessageID: '859455532187254824',
    lastMessageChannelID: '689466577476649172'
  }
]
[
  User {
    id: '543988034316795905',
    system: null,
    locale: null,
    flags: UserFlags { bitfield: 0 },
    username: 'lucas_cdgcat92',
    bot: false,
    discriminator: '0417',
    avatar: '7010c0d9b25d42b7af994a1676bff6f0',
    lastMessageID: '859455344195796992',
    lastMessageChannelID: '689466577476649172'
  },
  User {
    id: '86096582923018240',
    system: null,
    locale: null,
    flags: UserFlags { bitfield: 0 },
    username: 'Fer',
    bot: false,
    discriminator: '8878',
    avatar: 'e1a59d8e758cf8fb2959132cc60cf813',
    lastMessageID: '859455532187254824',
    lastMessageChannelID: '689466577476649172'
  },
  User {
    id: '469351699736166404',
    system: null,
    locale: null,
    flags: UserFlags { bitfield: 0 },
    username: 'El Gonzi',
    bot: false,
    discriminator: '0668',
    avatar: null,
    lastMessageID: '859457296869490708',
    lastMessageChannelID: '689466577476649172'
  }
]
[
  User {
    id: '543988034316795905',
    system: null,
    locale: null,
    flags: UserFlags { bitfield: 0 },
    username: 'lucas_cdgcat92',
    bot: false,
    discriminator: '0417',
    avatar: '7010c0d9b25d42b7af994a1676bff6f0',
    lastMessageID: '859458808530075708',
    lastMessageChannelID: '689466577476649172'
  },
  User {
    id: '86096582923018240',
    system: null,
    locale: null,
    flags: UserFlags { bitfield: 0 },
    username: 'Fer',
    bot: false,
    discriminator: '8878',
    avatar: 'e1a59d8e758cf8fb2959132cc60cf813',
    lastMessageID: '859455532187254824',
    lastMessageChannelID: '689466577476649172'
  },
  User {
    id: '469351699736166404',
    system: null,
    locale: null,
    flags: UserFlags { bitfield: 0 },
    username: 'El Gonzi',
    bot: false,
    discriminator: '0668',
    avatar: null,
    lastMessageID: null,
    lastMessageChannelID: null
  },
  User {
    id: '565743897628901376',
    system: null,
    locale: null,
    flags: UserFlags { bitfield: 0 },
    username: 'Franco14rp',
    bot: false,
    discriminator: '5173',
    avatar: 'b1aaa07d48edaac67ba9657d5ed070a2',
    lastMessageID: '859460576354369566',
    lastMessageChannelID: '689466577476649172'
  }
]
BOT READY
[
  User {
    id: '86096582923018240',
    system: null,
    locale: null,
    flags: UserFlags { bitfield: 0 },
    username: 'Fer',
    bot: false,
    discriminator: '8878',
    avatar: 'e1a59d8e758cf8fb2959132cc60cf813',
    lastMessageID: '859770782372855829',
    lastMessageChannelID: '689466577476649172'
  }
]
BOT READY
[
  User {
    id: '86096582923018240',
    system: null,
    locale: null,
    flags: UserFlags { bitfield: 0 },
    username: 'Fer',
    bot: false,
    discriminator: '8878',
    avatar: 'e1a59d8e758cf8fb2959132cc60cf813',
    lastMessageID: '859887431079034951',
    lastMessageChannelID: '689466577476649172'
  }
]
[
  User {
    id: '86096582923018240',
    system: null,
    locale: null,
    flags: UserFlags { bitfield: 0 },
    username: 'Fer',
    bot: false,
    discriminator: '8878',
    avatar: 'e1a59d8e758cf8fb2959132cc60cf813',
    lastMessageID: null,
    lastMessageChannelID: null
  },
  User {
    id: '543988034316795905',
    system: null,
    locale: null,
    flags: UserFlags { bitfield: 0 },
    username: 'lucas_cdgcat92',
    bot: false,
    discriminator: '0417',
    avatar: '7010c0d9b25d42b7af994a1676bff6f0',
    lastMessageID: '860233656290508831',
    lastMessageChannelID: '689466577476649172'
  }
]
[
  User {
    id: '86096582923018240',
    system: null,
    locale: null,
    flags: UserFlags { bitfield: 0 },
    username: 'Fer',
    bot: false,
    discriminator: '8878',
    avatar: 'e1a59d8e758cf8fb2959132cc60cf813',
    lastMessageID: '860233725350379570',
    lastMessageChannelID: '689466577476649172'
  },
  User {
    id: '543988034316795905',
    system: null,
    locale: null,
    flags: UserFlags { bitfield: 0 },
    username: 'lucas_cdgcat92',
    bot: false,
    discriminator: '0417',
    avatar: '7010c0d9b25d42b7af994a1676bff6f0',
    lastMessageID: '860233656290508831',
    lastMessageChannelID: '689466577476649172'
  },
  User {
    id: '86096582923018240',
    system: null,
    locale: null,
    flags: UserFlags { bitfield: 0 },
    username: 'Fer',
    bot: false,
    discriminator: '8878',
    avatar: 'e1a59d8e758cf8fb2959132cc60cf813',
    lastMessageID: '860233725350379570',
    lastMessageChannelID: '689466577476649172'
  }
]
