BOT FOCA READY
BOT FOCA READY
BOT FOCA READY
BOT FOCA READY
BOT FOCA READY
BOT FOCA READY
BOT FOCA READY
BOT FOCA READY
BOT FOCA READY
Asignado:       <b>Adj</b>
                        <br><br>
                        <script type="text/javascript"></script>                            
Asunto:         <div class="ReporteMaestro">Contacto:  -  - <br><br></div>
Cliente:        vacio
Asignado:       faranda
Asunto:         Sin acceso a sistema desde pc Playa
Cliente:        25 DE MAYO S.R.L.
Asignado:       gchristol
Asunto:         trasladar HO
Cliente:        CAR GAS S.A. TUCUMAN
Asignado:       fstrappazzon
Asunto:         informe de ctas Ctes en caja de tesorería
Cliente:        PARADA NORTE SRL
Asignado:       fstrappazzon
Asunto:         informe de ctas Ctes en caja de tesorería
Cliente:        PARADA NORTE SRL
BOT FOCA READY
BOT FOCA READY
Asignado:       <b>Adj</b>
                        <br><br>
                        <center>No</center><script type="text/javascript"></script>                            
Asunto:         vacio
Cliente:        LUIS HUMBERTO DELGADO (RUTA)
Asignado:       gfarias
Asunto:         Consulta egresos 
Cliente:        ESTACION PARANA S.A (TIGRE)
Asignado:       lmatilla
Asunto:         Informe control de operaciones de cobro electrónico
Cliente:        PLATAFORMA URBANA S.R.L.
BOT FOCA READY
BOT FOCA READY
Asignado:       mtorres
Asunto:         Revisar urgente clientes 
Cliente:        AGROCOMB S.A. BUENOS AIRES - ( EX VENAR CARBURANTES SA - MERCADO CENTRAL)
Asignado:       gchristol
Asunto:         Apies  1934 - Revisar registración contable facturas
Cliente:        CARLOS PESSI S.R.L. HEAD OFFICE
Asignado:       friveros
Asunto:         Actualizar el maestro YPF
Cliente:        CR88 SA
Asignado:       mtorres
Asunto:         consulta
Cliente:        ESMACOL S.A.
