2021-06-23 16:00:17 - Starting C:\Program Files\nodejs\node.exe  --harmony C:\Users\Fernando\AppData\Roaming\npm\node_modules\qckwinsvc\node_modules\node-windows\lib\wrapper.js --file C:\Users\Fernando\Desktop\code\discord\foca.js --log "debot wrapper" --grow 0.25 --wait 1 --maxrestarts 3 --abortonerror n --stopparentfirst undefined
2021-06-23 16:00:17 - Started 9848
2021-06-23 16:00:34 - Stopping debot.exe
2021-06-23 16:00:34 - ProcessKill 9848
2021-06-23 16:00:34 - Found child process: 12944 Name: conhost.exe
2021-06-23 16:00:34 - Found child process: 4316 Name: node.exe
2021-06-23 16:00:34 - Stopping process 12944
2021-06-23 16:00:34 - Send SIGINT 12944
2021-06-23 16:00:34 - SIGINT to 12944 failed - Killing as fallback
2021-06-23 16:00:34 - Stopping process 4316
2021-06-23 16:00:34 - Send SIGINT 4316
2021-06-23 16:00:34 - SIGINT to 4316 failed - Killing as fallback
2021-06-23 16:00:34 - Stopping process 9848
2021-06-23 16:00:35 - Send SIGINT 9848
2021-06-23 16:00:35 - SIGINT to 9848 failed - Killing as fallback
2021-06-23 16:00:35 - Finished debot.exe
2021-06-23 16:00:36 - Starting C:\Program Files\nodejs\node.exe  --harmony C:\Users\Fernando\AppData\Roaming\npm\node_modules\qckwinsvc\node_modules\node-windows\lib\wrapper.js --file C:\Users\Fernando\Desktop\code\discord\foca.js --log "debot wrapper" --grow 0.25 --wait 1 --maxrestarts 3 --abortonerror n --stopparentfirst undefined
2021-06-23 16:00:36 - Started 10744
2021-06-24 10:25:55 - Stopping debot.exe
2021-06-24 10:25:55 - ProcessKill 10744
2021-06-24 10:25:55 - Found child process: 11292 Name: conhost.exe
2021-06-24 10:25:55 - Found child process: 8852 Name: node.exe
2021-06-24 10:25:55 - Stopping process 11292
2021-06-24 10:25:55 - Send SIGINT 11292
2021-06-24 10:25:55 - SIGINT to 11292 failed - Killing as fallback
2021-06-24 10:25:55 - Found child process: 25340 Name: chrome.exe
2021-06-24 10:25:55 - Found child process: 15124 Name: chrome.exe
2021-06-24 10:25:55 - Found child process: 14532 Name: chrome.exe
2021-06-24 10:25:55 - Found child process: 21260 Name: chrome.exe
2021-06-24 10:25:55 - Found child process: 8344 Name: chrome.exe
2021-06-24 10:25:55 - Found child process: 21140 Name: chrome.exe
2021-06-24 10:25:55 - Found child process: 19992 Name: chrome.exe
2021-06-24 10:25:55 - Found child process: 26484 Name: chrome.exe
2021-06-24 10:25:55 - Found child process: 18336 Name: chrome.exe
2021-06-24 10:25:55 - Found child process: 25616 Name: chrome.exe
2021-06-24 10:25:55 - Found child process: 26224 Name: chrome.exe
2021-06-24 10:25:55 - Found child process: 25744 Name: chrome.exe
2021-06-24 10:25:56 - Stopping process 18336
2021-06-24 10:25:56 - Send SIGINT 18336
2021-06-24 10:25:56 - SIGINT to 18336 failed - Killing as fallback
2021-06-24 10:25:56 - Stopping process 25616
2021-06-24 10:25:56 - Send SIGINT 25616
2021-06-24 10:25:56 - SIGINT to 25616 failed - Killing as fallback
2021-06-24 10:25:56 - Stopping process 26224
2021-06-24 10:25:56 - Send SIGINT 26224
2021-06-24 10:25:56 - SIGINT to 26224 failed - Killing as fallback
2021-06-24 10:25:56 - Stopping process 25744
2021-06-24 10:25:56 - Send SIGINT 25744
2021-06-24 10:25:56 - SIGINT to 25744 failed - Killing as fallback
2021-06-24 10:25:56 - Stopping process 25340
2021-06-24 10:25:56 - Send SIGINT 25340
2021-06-24 10:25:56 - SIGINT to 25340 failed - Killing as fallback
2021-06-24 10:25:56 - Found child process: 24580 Name: chrome.exe
2021-06-24 10:25:56 - Found child process: 12036 Name: chrome.exe
2021-06-24 10:25:56 - Found child process: 24924 Name: chrome.exe
2021-06-24 10:25:56 - Found child process: 16480 Name: chrome.exe
2021-06-24 10:25:56 - Stopping process 24580
2021-06-24 10:25:56 - Send SIGINT 24580
2021-06-24 10:25:56 - SIGINT to 24580 failed - Killing as fallback
2021-06-24 10:25:56 - Stopping process 12036
2021-06-24 10:25:56 - Send SIGINT 12036
2021-06-24 10:25:56 - SIGINT to 12036 failed - Killing as fallback
2021-06-24 10:25:57 - Stopping process 24924
2021-06-24 10:25:57 - Send SIGINT 24924
2021-06-24 10:25:57 - SIGINT to 24924 failed - Killing as fallback
2021-06-24 10:25:57 - Stopping process 16480
2021-06-24 10:25:57 - Send SIGINT 16480
2021-06-24 10:25:57 - SIGINT to 16480 failed - Killing as fallback
2021-06-24 10:25:57 - Stopping process 15124
2021-06-24 10:25:57 - Send SIGINT 15124
2021-06-24 10:25:57 - SIGINT to 15124 failed - Killing as fallback
2021-06-24 10:25:57 - Found child process: 21940 Name: chrome.exe
2021-06-24 10:25:57 - Found child process: 2772 Name: chrome.exe
2021-06-24 10:25:57 - Found child process: 26408 Name: chrome.exe
2021-06-24 10:25:57 - Found child process: 14260 Name: chrome.exe
2021-06-24 10:25:57 - Found child process: 24084 Name: chrome.exe
2021-06-24 10:25:57 - Stopping process 24084
2021-06-24 10:25:57 - Send SIGINT 24084
2021-06-24 10:25:57 - SIGINT to 24084 failed - Killing as fallback
2021-06-24 10:25:57 - Stopping process 21940
2021-06-24 10:25:57 - Send SIGINT 21940
2021-06-24 10:25:57 - SIGINT to 21940 failed - Killing as fallback
2021-06-24 10:25:57 - Stopping process 2772
2021-06-24 10:25:57 - Send SIGINT 2772
2021-06-24 10:25:57 - SIGINT to 2772 failed - Killing as fallback
2021-06-24 10:25:57 - Stopping process 26408
2021-06-24 10:25:57 - Send SIGINT 26408
2021-06-24 10:25:57 - SIGINT to 26408 failed - Killing as fallback
2021-06-24 10:25:57 - Stopping process 14260
2021-06-24 10:25:58 - Send SIGINT 14260
2021-06-24 10:25:58 - SIGINT to 14260 failed - Killing as fallback
2021-06-24 10:25:58 - Stopping process 14532
2021-06-24 10:25:58 - Send SIGINT 14532
2021-06-24 10:25:58 - SIGINT to 14532 failed - Killing as fallback
2021-06-24 10:25:58 - Found child process: 21128 Name: chrome.exe
2021-06-24 10:25:58 - Found child process: 8380 Name: chrome.exe
2021-06-24 10:25:58 - Found child process: 26096 Name: chrome.exe
2021-06-24 10:25:58 - Found child process: 26296 Name: chrome.exe
2021-06-24 10:25:58 - Found child process: 12940 Name: chrome.exe
2021-06-24 10:25:58 - Stopping process 12940
2021-06-24 10:25:58 - Send SIGINT 12940
2021-06-24 10:25:58 - SIGINT to 12940 failed - Killing as fallback
2021-06-24 10:25:58 - Stopping process 21128
2021-06-24 10:25:58 - Send SIGINT 21128
2021-06-24 10:25:58 - SIGINT to 21128 failed - Killing as fallback
2021-06-24 10:25:58 - Stopping process 8380
2021-06-24 10:25:58 - Send SIGINT 8380
2021-06-24 10:25:58 - SIGINT to 8380 failed - Killing as fallback
2021-06-24 10:25:58 - Stopping process 26096
2021-06-24 10:25:58 - Send SIGINT 26096
2021-06-24 10:25:58 - SIGINT to 26096 failed - Killing as fallback
2021-06-24 10:25:58 - Stopping process 26296
2021-06-24 10:25:58 - Send SIGINT 26296
2021-06-24 10:25:58 - SIGINT to 26296 failed - Killing as fallback
2021-06-24 10:25:58 - Stopping process 21260
2021-06-24 10:25:58 - Send SIGINT 21260
2021-06-24 10:25:58 - SIGINT to 21260 failed - Killing as fallback
2021-06-24 10:25:58 - Found child process: 10836 Name: chrome.exe
2021-06-24 10:25:58 - Found child process: 26688 Name: chrome.exe
2021-06-24 10:25:58 - Found child process: 26724 Name: chrome.exe
2021-06-24 10:25:58 - Found child process: 26736 Name: chrome.exe
2021-06-24 10:25:59 - Found child process: 6600 Name: chrome.exe
2021-06-24 10:25:59 - Stopping process 6600
2021-06-24 10:25:59 - Send SIGINT 6600
2021-06-24 10:25:59 - SIGINT to 6600 failed - Killing as fallback
2021-06-24 10:25:59 - Stopping process 10836
2021-06-24 10:25:59 - Send SIGINT 10836
2021-06-24 10:25:59 - SIGINT to 10836 failed - Killing as fallback
2021-06-24 10:25:59 - Stopping process 26688
2021-06-24 10:25:59 - Send SIGINT 26688
2021-06-24 10:25:59 - SIGINT to 26688 failed - Killing as fallback
2021-06-24 10:25:59 - Stopping process 26724
2021-06-24 10:25:59 - Send SIGINT 26724
2021-06-24 10:25:59 - SIGINT to 26724 failed - Killing as fallback
2021-06-24 10:25:59 - Stopping process 26736
2021-06-24 10:25:59 - Send SIGINT 26736
2021-06-24 10:25:59 - SIGINT to 26736 failed - Killing as fallback
2021-06-24 10:25:59 - Stopping process 8344
2021-06-24 10:25:59 - Send SIGINT 8344
2021-06-24 10:25:59 - SIGINT to 8344 failed - Killing as fallback
2021-06-24 10:25:59 - Found child process: 16096 Name: chrome.exe
2021-06-24 10:25:59 - Found child process: 15760 Name: chrome.exe
2021-06-24 10:25:59 - Found child process: 8760 Name: chrome.exe
2021-06-24 10:25:59 - Found child process: 10880 Name: chrome.exe
2021-06-24 10:25:59 - Found child process: 27680 Name: chrome.exe
2021-06-24 10:25:59 - Stopping process 27680
2021-06-24 10:25:59 - Send SIGINT 27680
2021-06-24 10:25:59 - SIGINT to 27680 failed - Killing as fallback
2021-06-24 10:25:59 - Stopping process 16096
2021-06-24 10:25:59 - Send SIGINT 16096
2021-06-24 10:25:59 - SIGINT to 16096 failed - Killing as fallback
2021-06-24 10:26:00 - Stopping process 15760
2021-06-24 10:26:00 - Send SIGINT 15760
2021-06-24 10:26:00 - SIGINT to 15760 failed - Killing as fallback
2021-06-24 10:26:00 - Stopping process 8760
2021-06-24 10:26:00 - Send SIGINT 8760
2021-06-24 10:26:00 - SIGINT to 8760 failed - Killing as fallback
2021-06-24 10:26:00 - Stopping process 10880
2021-06-24 10:26:00 - Send SIGINT 10880
2021-06-24 10:26:00 - SIGINT to 10880 failed - Killing as fallback
2021-06-24 10:26:00 - Stopping process 21140
2021-06-24 10:26:00 - Send SIGINT 21140
2021-06-24 10:26:00 - SIGINT to 21140 failed - Killing as fallback
2021-06-24 10:26:00 - Found child process: 7260 Name: chrome.exe
2021-06-24 10:26:00 - Found child process: 23236 Name: chrome.exe
2021-06-24 10:26:00 - Found child process: 11480 Name: chrome.exe
2021-06-24 10:26:00 - Found child process: 22096 Name: chrome.exe
2021-06-24 10:26:00 - Found child process: 13344 Name: chrome.exe
2021-06-24 10:26:00 - Stopping process 13344
2021-06-24 10:26:00 - Send SIGINT 13344
2021-06-24 10:26:00 - SIGINT to 13344 failed - Killing as fallback
2021-06-24 10:26:00 - Stopping process 7260
2021-06-24 10:26:00 - Send SIGINT 7260
2021-06-24 10:26:00 - SIGINT to 7260 failed - Killing as fallback
2021-06-24 10:26:00 - Stopping process 23236
2021-06-24 10:26:00 - Send SIGINT 23236
2021-06-24 10:26:00 - SIGINT to 23236 failed - Killing as fallback
2021-06-24 10:26:00 - Stopping process 11480
2021-06-24 10:26:00 - Send SIGINT 11480
2021-06-24 10:26:00 - SIGINT to 11480 failed - Killing as fallback
2021-06-24 10:26:00 - Stopping process 22096
2021-06-24 10:26:00 - Send SIGINT 22096
2021-06-24 10:26:00 - SIGINT to 22096 failed - Killing as fallback
2021-06-24 10:26:00 - Stopping process 19992
2021-06-24 10:26:00 - Send SIGINT 19992
2021-06-24 10:26:00 - SIGINT to 19992 failed - Killing as fallback
2021-06-24 10:26:00 - Found child process: 26972 Name: chrome.exe
2021-06-24 10:26:00 - Found child process: 1828 Name: chrome.exe
2021-06-24 10:26:00 - Found child process: 292 Name: chrome.exe
2021-06-24 10:26:00 - Found child process: 26448 Name: chrome.exe
2021-06-24 10:26:01 - Found child process: 23676 Name: chrome.exe
2021-06-24 10:26:01 - Stopping process 23676
2021-06-24 10:26:01 - Send SIGINT 23676
2021-06-24 10:26:01 - SIGINT to 23676 failed - Killing as fallback
2021-06-24 10:26:01 - Stopping process 26972
2021-06-24 10:26:01 - Send SIGINT 26972
2021-06-24 10:26:01 - SIGINT to 26972 failed - Killing as fallback
2021-06-24 10:26:01 - Stopping process 1828
2021-06-24 10:26:01 - Send SIGINT 1828
2021-06-24 10:26:01 - SIGINT to 1828 failed - Killing as fallback
2021-06-24 10:26:01 - Stopping process 292
2021-06-24 10:26:01 - Send SIGINT 292
2021-06-24 10:26:01 - SIGINT to 292 failed - Killing as fallback
2021-06-24 10:26:01 - Stopping process 26448
2021-06-24 10:26:01 - Send SIGINT 26448
2021-06-24 10:26:01 - SIGINT to 26448 failed - Killing as fallback
2021-06-24 10:26:01 - Stopping process 26484
2021-06-24 10:26:01 - Send SIGINT 26484
2021-06-24 10:26:01 - SIGINT to 26484 failed - Killing as fallback
2021-06-24 10:26:01 - Stopping process 8852
2021-06-24 10:26:01 - Send SIGINT 8852
2021-06-24 10:26:01 - SIGINT to 8852 failed - Killing as fallback
2021-06-24 10:26:01 - Stopping process 10744
2021-06-24 10:26:01 - Send SIGINT 10744
2021-06-24 10:26:01 - SIGINT to 10744 failed - Killing as fallback
2021-06-24 10:26:01 - Finished debot.exe
2021-06-24 12:18:31 - Starting C:\Program Files\nodejs\node.exe  --harmony C:\Users\Fernando\AppData\Roaming\npm\node_modules\qckwinsvc\node_modules\node-windows\lib\wrapper.js --file C:\Users\Fernando\Desktop\code\discord\foca.js --log "debot wrapper" --grow 0.25 --wait 1 --maxrestarts 3 --abortonerror n --stopparentfirst undefined
2021-06-24 12:18:31 - Started 24188
2021-06-24 13:52:37 - Stopping debot.exe
2021-06-24 13:52:37 - ProcessKill 24188
2021-06-24 13:52:37 - Shutdown exception
Message:Se está cerrando el sistema.

Stacktrace:   en System.Runtime.InteropServices.Marshal.ThrowExceptionForHRInternal(Int32 errorCode, IntPtr errorInfo)
   en System.Management.ManagementScope.InitializeGuts(Object o)
   en System.Management.ManagementScope.Initialize()
   en System.Management.ManagementObjectSearcher.Initialize()
   en System.Management.ManagementObjectSearcher.Get()
   en winsw.WrapperService.GetChildPids(Int32 pid)
   en winsw.WrapperService.StopProcessAndChildren(Int32 pid)
   en winsw.WrapperService.StopIt()
   en winsw.WrapperService.OnShutdown()
2021-06-24 13:53:13 - Starting C:\Program Files\nodejs\node.exe  --harmony C:\Users\Fernando\AppData\Roaming\npm\node_modules\qckwinsvc\node_modules\node-windows\lib\wrapper.js --file C:\Users\Fernando\Desktop\code\discord\foca.js --log "debot wrapper" --grow 0.25 --wait 1 --maxrestarts 3 --abortonerror n --stopparentfirst undefined
2021-06-24 13:53:13 - Started 6504
2021-06-26 13:17:25 - Stopping debot.exe
2021-06-26 13:17:25 - ProcessKill 6504
2021-06-26 13:17:25 - Found child process: 6736 Name: conhost.exe
2021-06-26 13:17:25 - Found child process: 7936 Name: node.exe
2021-06-26 13:17:25 - Stopping process 6736
2021-06-26 13:17:25 - Send SIGINT 6736
2021-06-26 13:17:25 - SIGINT to 6736 failed - Killing as fallback
2021-06-26 13:17:25 - Found child process: 22732 Name: chrome.exe
2021-06-26 13:17:25 - Found child process: 572 Name: chrome.exe
2021-06-26 13:17:25 - Found child process: 6804 Name: chrome.exe
2021-06-26 13:17:25 - Found child process: 31408 Name: chrome.exe
2021-06-26 13:17:25 - Found child process: 22632 Name: chrome.exe
2021-06-26 13:17:25 - Found child process: 31828 Name: chrome.exe
2021-06-26 13:17:25 - Found child process: 28492 Name: chrome.exe
2021-06-26 13:17:25 - Found child process: 35608 Name: chrome.exe
2021-06-26 13:17:25 - Found child process: 29220 Name: chrome.exe
2021-06-26 13:17:25 - Found child process: 2804 Name: chrome.exe
2021-06-26 13:17:25 - Found child process: 22136 Name: chrome.exe
2021-06-26 13:17:25 - Found child process: 18212 Name: chrome.exe
2021-06-26 13:17:25 - Found child process: 23732 Name: chrome.exe
2021-06-26 13:17:25 - Found child process: 19048 Name: chrome.exe
2021-06-26 13:17:26 - Stopping process 19048
2021-06-26 13:17:26 - Send SIGINT 19048
2021-06-26 13:17:26 - SIGINT to 19048 failed - Killing as fallback
2021-06-26 13:17:26 - Stopping process 2804
2021-06-26 13:17:26 - Send SIGINT 2804
2021-06-26 13:17:26 - SIGINT to 2804 failed - Killing as fallback
2021-06-26 13:17:26 - Stopping process 22136
2021-06-26 13:17:26 - Send SIGINT 22136
2021-06-26 13:17:26 - SIGINT to 22136 failed - Killing as fallback
2021-06-26 13:17:26 - Stopping process 18212
2021-06-26 13:17:26 - Send SIGINT 18212
2021-06-26 13:17:26 - SIGINT to 18212 failed - Killing as fallback
2021-06-26 13:17:26 - Stopping process 23732
2021-06-26 13:17:26 - Send SIGINT 23732
2021-06-26 13:17:26 - SIGINT to 23732 failed - Killing as fallback
2021-06-26 13:17:26 - Stopping process 22732
2021-06-26 13:17:26 - Send SIGINT 22732
2021-06-26 13:17:26 - SIGINT to 22732 failed - Killing as fallback
2021-06-26 13:17:26 - Found child process: 17704 Name: chrome.exe
2021-06-26 13:17:26 - Found child process: 15392 Name: chrome.exe
2021-06-26 13:17:26 - Found child process: 22172 Name: chrome.exe
2021-06-26 13:17:26 - Found child process: 32132 Name: chrome.exe
2021-06-26 13:17:26 - Found child process: 26512 Name: chrome.exe
2021-06-26 13:17:26 - Stopping process 26512
2021-06-26 13:17:26 - Send SIGINT 26512
2021-06-26 13:17:26 - SIGINT to 26512 failed - Killing as fallback
2021-06-26 13:17:26 - Stopping process 17704
2021-06-26 13:17:26 - Send SIGINT 17704
2021-06-26 13:17:26 - SIGINT to 17704 failed - Killing as fallback
2021-06-26 13:17:27 - Stopping process 15392
2021-06-26 13:17:27 - Send SIGINT 15392
2021-06-26 13:17:27 - SIGINT to 15392 failed - Killing as fallback
2021-06-26 13:17:27 - Stopping process 22172
2021-06-26 13:17:27 - Send SIGINT 22172
2021-06-26 13:17:27 - SIGINT to 22172 failed - Killing as fallback
2021-06-26 13:17:27 - Stopping process 32132
2021-06-26 13:17:27 - Send SIGINT 32132
2021-06-26 13:17:27 - SIGINT to 32132 failed - Killing as fallback
2021-06-26 13:17:27 - Stopping process 572
2021-06-26 13:17:27 - Send SIGINT 572
2021-06-26 13:17:27 - SIGINT to 572 failed - Killing as fallback
2021-06-26 13:17:27 - Found child process: 26652 Name: chrome.exe
2021-06-26 13:17:27 - Found child process: 15096 Name: chrome.exe
2021-06-26 13:17:27 - Found child process: 8824 Name: chrome.exe
2021-06-26 13:17:27 - Found child process: 27076 Name: chrome.exe
2021-06-26 13:17:27 - Stopping process 26652
2021-06-26 13:17:27 - Send SIGINT 26652
2021-06-26 13:17:27 - SIGINT to 26652 failed - Killing as fallback
2021-06-26 13:17:27 - Stopping process 15096
2021-06-26 13:17:27 - Send SIGINT 15096
2021-06-26 13:17:27 - SIGINT to 15096 failed - Killing as fallback
2021-06-26 13:17:27 - Stopping process 8824
2021-06-26 13:17:27 - Send SIGINT 8824
2021-06-26 13:17:27 - SIGINT to 8824 failed - Killing as fallback
2021-06-26 13:17:27 - Stopping process 27076
2021-06-26 13:17:27 - Send SIGINT 27076
2021-06-26 13:17:27 - SIGINT to 27076 failed - Killing as fallback
2021-06-26 13:17:27 - Stopping process 6804
2021-06-26 13:17:27 - Send SIGINT 6804
2021-06-26 13:17:27 - SIGINT to 6804 failed - Killing as fallback
2021-06-26 13:17:28 - Found child process: 33168 Name: chrome.exe
2021-06-26 13:17:28 - Found child process: 34520 Name: chrome.exe
2021-06-26 13:17:28 - Found child process: 26256 Name: chrome.exe
2021-06-26 13:17:28 - Found child process: 29176 Name: chrome.exe
2021-06-26 13:17:28 - Stopping process 33168
2021-06-26 13:17:28 - Send SIGINT 33168
2021-06-26 13:17:28 - SIGINT to 33168 failed - Killing as fallback
2021-06-26 13:17:28 - Stopping process 34520
2021-06-26 13:17:28 - Send SIGINT 34520
2021-06-26 13:17:28 - SIGINT to 34520 failed - Killing as fallback
2021-06-26 13:17:28 - Stopping process 26256
2021-06-26 13:17:28 - Send SIGINT 26256
2021-06-26 13:17:28 - SIGINT to 26256 failed - Killing as fallback
2021-06-26 13:17:28 - Stopping process 29176
2021-06-26 13:17:28 - Send SIGINT 29176
2021-06-26 13:17:28 - SIGINT to 29176 failed - Killing as fallback
2021-06-26 13:17:28 - Stopping process 31408
2021-06-26 13:17:28 - Send SIGINT 31408
2021-06-26 13:17:28 - SIGINT to 31408 failed - Killing as fallback
2021-06-26 13:17:28 - Found child process: 10316 Name: chrome.exe
2021-06-26 13:17:28 - Found child process: 29620 Name: chrome.exe
2021-06-26 13:17:28 - Found child process: 18188 Name: chrome.exe
2021-06-26 13:17:28 - Found child process: 29392 Name: chrome.exe
2021-06-26 13:17:28 - Found child process: 12584 Name: chrome.exe
2021-06-26 13:17:28 - Stopping process 12584
2021-06-26 13:17:28 - Send SIGINT 12584
2021-06-26 13:17:28 - SIGINT to 12584 failed - Killing as fallback
2021-06-26 13:17:28 - Stopping process 10316
2021-06-26 13:17:28 - Send SIGINT 10316
2021-06-26 13:17:28 - SIGINT to 10316 failed - Killing as fallback
2021-06-26 13:17:29 - Stopping process 29620
2021-06-26 13:17:29 - Send SIGINT 29620
2021-06-26 13:17:29 - SIGINT to 29620 failed - Killing as fallback
2021-06-26 13:17:29 - Stopping process 18188
2021-06-26 13:17:29 - Send SIGINT 18188
2021-06-26 13:17:29 - SIGINT to 18188 failed - Killing as fallback
2021-06-26 13:17:29 - Stopping process 29392
2021-06-26 13:17:29 - Send SIGINT 29392
2021-06-26 13:17:29 - SIGINT to 29392 failed - Killing as fallback
2021-06-26 13:17:29 - Stopping process 22632
2021-06-26 13:17:29 - Send SIGINT 22632
2021-06-26 13:17:29 - SIGINT to 22632 failed - Killing as fallback
2021-06-26 13:17:29 - Found child process: 12540 Name: chrome.exe
2021-06-26 13:17:29 - Found child process: 32680 Name: chrome.exe
2021-06-26 13:17:29 - Found child process: 33416 Name: chrome.exe
2021-06-26 13:17:29 - Found child process: 9988 Name: chrome.exe
2021-06-26 13:17:29 - Found child process: 22044 Name: chrome.exe
2021-06-26 13:17:29 - Stopping process 22044
2021-06-26 13:17:29 - Send SIGINT 22044
2021-06-26 13:17:29 - SIGINT to 22044 failed - Killing as fallback
2021-06-26 13:17:29 - Stopping process 12540
2021-06-26 13:17:29 - Send SIGINT 12540
2021-06-26 13:17:29 - SIGINT to 12540 failed - Killing as fallback
2021-06-26 13:17:29 - Stopping process 32680
2021-06-26 13:17:29 - Send SIGINT 32680
2021-06-26 13:17:29 - SIGINT to 32680 failed - Killing as fallback
2021-06-26 13:17:29 - Stopping process 33416
2021-06-26 13:17:29 - Send SIGINT 33416
2021-06-26 13:17:29 - SIGINT to 33416 failed - Killing as fallback
2021-06-26 13:17:29 - Stopping process 9988
2021-06-26 13:17:29 - Send SIGINT 9988
2021-06-26 13:17:29 - SIGINT to 9988 failed - Killing as fallback
2021-06-26 13:17:29 - Stopping process 31828
2021-06-26 13:17:29 - Send SIGINT 31828
2021-06-26 13:17:29 - SIGINT to 31828 failed - Killing as fallback
2021-06-26 13:17:30 - Found child process: 31776 Name: chrome.exe
2021-06-26 13:17:30 - Found child process: 23636 Name: chrome.exe
2021-06-26 13:17:30 - Found child process: 11496 Name: chrome.exe
2021-06-26 13:17:30 - Found child process: 25148 Name: chrome.exe
2021-06-26 13:17:30 - Found child process: 17596 Name: chrome.exe
2021-06-26 13:17:30 - Stopping process 17596
2021-06-26 13:17:30 - Send SIGINT 17596
2021-06-26 13:17:30 - SIGINT to 17596 failed - Killing as fallback
2021-06-26 13:17:30 - Stopping process 31776
2021-06-26 13:17:30 - Send SIGINT 31776
2021-06-26 13:17:30 - SIGINT to 31776 failed - Killing as fallback
2021-06-26 13:17:30 - Stopping process 23636
2021-06-26 13:17:30 - Send SIGINT 23636
2021-06-26 13:17:30 - SIGINT to 23636 failed - Killing as fallback
2021-06-26 13:17:30 - Stopping process 11496
2021-06-26 13:17:30 - Send SIGINT 11496
2021-06-26 13:17:30 - SIGINT to 11496 failed - Killing as fallback
2021-06-26 13:17:30 - Stopping process 25148
2021-06-26 13:17:30 - Send SIGINT 25148
2021-06-26 13:17:30 - SIGINT to 25148 failed - Killing as fallback
2021-06-26 13:17:30 - Stopping process 28492
2021-06-26 13:17:30 - Send SIGINT 28492
2021-06-26 13:17:30 - SIGINT to 28492 failed - Killing as fallback
2021-06-26 13:17:30 - Found child process: 12996 Name: chrome.exe
2021-06-26 13:17:30 - Found child process: 32096 Name: chrome.exe
2021-06-26 13:17:30 - Found child process: 26108 Name: chrome.exe
2021-06-26 13:17:30 - Found child process: 9876 Name: chrome.exe
2021-06-26 13:17:30 - Stopping process 12996
2021-06-26 13:17:30 - Send SIGINT 12996
2021-06-26 13:17:30 - SIGINT to 12996 failed - Killing as fallback
2021-06-26 13:17:30 - Stopping process 32096
2021-06-26 13:17:30 - Send SIGINT 32096
2021-06-26 13:17:30 - SIGINT to 32096 failed - Killing as fallback
2021-06-26 13:17:31 - Stopping process 26108
2021-06-26 13:17:31 - Send SIGINT 26108
2021-06-26 13:17:31 - SIGINT to 26108 failed - Killing as fallback
2021-06-26 13:17:31 - Stopping process 9876
2021-06-26 13:17:31 - Send SIGINT 9876
2021-06-26 13:17:31 - SIGINT to 9876 failed - Killing as fallback
2021-06-26 13:17:31 - Stopping process 35608
2021-06-26 13:17:31 - Send SIGINT 35608
2021-06-26 13:17:31 - SIGINT to 35608 failed - Killing as fallback
2021-06-26 13:17:31 - Found child process: 19996 Name: chrome.exe
2021-06-26 13:17:31 - Found child process: 17280 Name: chrome.exe
2021-06-26 13:17:31 - Found child process: 35412 Name: chrome.exe
2021-06-26 13:17:31 - Found child process: 35468 Name: chrome.exe
2021-06-26 13:17:31 - Stopping process 19996
2021-06-26 13:17:31 - Send SIGINT 19996
2021-06-26 13:17:31 - SIGINT to 19996 failed - Killing as fallback
2021-06-26 13:17:31 - Stopping process 17280
2021-06-26 13:17:31 - Send SIGINT 17280
2021-06-26 13:17:31 - SIGINT to 17280 failed - Killing as fallback
2021-06-26 13:17:31 - Stopping process 35412
2021-06-26 13:17:31 - Send SIGINT 35412
2021-06-26 13:17:31 - SIGINT to 35412 failed - Killing as fallback
2021-06-26 13:17:31 - Stopping process 35468
2021-06-26 13:17:31 - Send SIGINT 35468
2021-06-26 13:17:31 - SIGINT to 35468 failed - Killing as fallback
2021-06-26 13:17:31 - Stopping process 29220
2021-06-26 13:17:31 - Send SIGINT 29220
2021-06-26 13:17:31 - SIGINT to 29220 failed - Killing as fallback
2021-06-26 13:17:31 - Stopping process 7936
2021-06-26 13:17:31 - Send SIGINT 7936
2021-06-26 13:17:31 - SIGINT to 7936 failed - Killing as fallback
2021-06-26 13:17:31 - Stopping process 6504
2021-06-26 13:17:31 - Send SIGINT 6504
2021-06-26 13:17:31 - SIGINT to 6504 failed - Killing as fallback
2021-06-26 13:17:31 - Finished debot.exe
2021-06-26 13:17:32 - Starting C:\Program Files\nodejs\node.exe  --harmony C:\Users\Fernando\AppData\Roaming\npm\node_modules\qckwinsvc\node_modules\node-windows\lib\wrapper.js --file C:\Users\Fernando\Desktop\code\discord\foca.js --log "debot wrapper" --grow 0.25 --wait 1 --maxrestarts 3 --abortonerror n --stopparentfirst undefined
2021-06-26 13:17:32 - Started 37476
2021-06-26 16:38:05 - Stopping debot.exe
2021-06-26 16:38:05 - ProcessKill 37476
2021-06-26 16:38:05 - Found child process: 27056 Name: conhost.exe
2021-06-26 16:38:05 - Found child process: 36336 Name: node.exe
2021-06-26 16:38:05 - Stopping process 27056
2021-06-26 16:38:05 - Send SIGINT 27056
2021-06-26 16:38:05 - SIGINT to 27056 failed - Killing as fallback
2021-06-26 16:38:05 - Stopping process 36336
2021-06-26 16:38:05 - Send SIGINT 36336
2021-06-26 16:38:05 - SIGINT to 36336 failed - Killing as fallback
2021-06-26 16:38:05 - Stopping process 37476
2021-06-26 16:38:05 - Send SIGINT 37476
2021-06-26 16:38:05 - SIGINT to 37476 failed - Killing as fallback
2021-06-26 16:38:05 - Finished debot.exe
2021-06-26 17:34:19 - Starting C:\Program Files\nodejs\node.exe  --harmony C:\Users\Fernando\AppData\Roaming\npm\node_modules\qckwinsvc\node_modules\node-windows\lib\wrapper.js --file C:\Users\Fernando\Desktop\code\discord\foca.js --log "debot wrapper" --grow 0.25 --wait 1 --maxrestarts 3 --abortonerror n --stopparentfirst undefined
2021-06-26 17:34:19 - Started 32296
2021-06-26 20:08:48 - Stopping debot.exe
2021-06-26 20:08:48 - ProcessKill 32296
2021-06-26 20:08:48 - Found child process: 34316 Name: conhost.exe
2021-06-26 20:08:48 - Found child process: 15720 Name: node.exe
2021-06-26 20:08:48 - Stopping process 34316
2021-06-26 20:08:48 - Send SIGINT 34316
2021-06-26 20:08:48 - SIGINT to 34316 failed - Killing as fallback
2021-06-26 20:08:48 - Stopping process 15720
2021-06-26 20:08:48 - Send SIGINT 15720
2021-06-26 20:08:48 - SIGINT to 15720 failed - Killing as fallback
2021-06-26 20:08:48 - Stopping process 32296
2021-06-26 20:08:48 - Send SIGINT 32296
2021-06-26 20:08:48 - SIGINT to 32296 failed - Killing as fallback
2021-06-26 20:08:48 - Finished debot.exe
2021-06-27 03:32:57 - Starting C:\Program Files\nodejs\node.exe  --harmony C:\Users\Fernando\AppData\Roaming\npm\node_modules\qckwinsvc\node_modules\node-windows\lib\wrapper.js --file C:\Users\Fernando\Desktop\code\discord\foca.js --log "debot wrapper" --grow 0.25 --wait 1 --maxrestarts 3 --abortonerror n --stopparentfirst undefined
2021-06-27 03:32:57 - Started 12508
2021-06-27 10:51:51 - Stopping debot.exe
2021-06-27 10:51:51 - ProcessKill 12508
2021-06-27 10:51:51 - Found child process: 35844 Name: conhost.exe
2021-06-27 10:51:51 - Found child process: 28292 Name: node.exe
2021-06-27 10:51:52 - Stopping process 35844
2021-06-27 10:51:52 - Send SIGINT 35844
2021-06-27 10:51:52 - SIGINT to 35844 failed - Killing as fallback
2021-06-27 10:51:52 - Stopping process 28292
2021-06-27 10:51:52 - Send SIGINT 28292
2021-06-27 10:51:52 - SIGINT to 28292 failed - Killing as fallback
2021-06-27 10:51:52 - Stopping process 12508
2021-06-27 10:51:52 - Send SIGINT 12508
2021-06-27 10:51:52 - SIGINT to 12508 failed - Killing as fallback
2021-06-27 10:51:52 - Finished debot.exe
2021-06-27 10:51:53 - Starting C:\Program Files\nodejs\node.exe  --harmony C:\Users\Fernando\AppData\Roaming\npm\node_modules\qckwinsvc\node_modules\node-windows\lib\wrapper.js --file C:\Users\Fernando\Desktop\code\discord\foca.js --log "debot wrapper" --grow 0.25 --wait 1 --maxrestarts 3 --abortonerror n --stopparentfirst undefined
2021-06-27 10:51:53 - Started 28208
2021-06-27 11:43:43 - Stopping debot.exe
2021-06-27 11:43:43 - ProcessKill 28208
2021-06-27 11:43:43 - Found child process: 37944 Name: conhost.exe
2021-06-27 11:43:43 - Found child process: 39064 Name: node.exe
2021-06-27 11:43:43 - Stopping process 37944
2021-06-27 11:43:43 - Send SIGINT 37944
2021-06-27 11:43:43 - SIGINT to 37944 failed - Killing as fallback
2021-06-27 11:43:43 - Stopping process 39064
2021-06-27 11:43:43 - Send SIGINT 39064
2021-06-27 11:43:43 - SIGINT to 39064 failed - Killing as fallback
2021-06-27 11:43:43 - Stopping process 28208
2021-06-27 11:43:43 - Send SIGINT 28208
2021-06-27 11:43:43 - SIGINT to 28208 failed - Killing as fallback
2021-06-27 11:43:43 - Finished debot.exe
2021-06-27 17:40:03 - Starting C:\Program Files\nodejs\node.exe  --harmony C:\Users\Fernando\AppData\Roaming\npm\node_modules\qckwinsvc\node_modules\node-windows\lib\wrapper.js --file C:\Users\Fernando\Desktop\code\discord\foca.js --log "debot wrapper" --grow 0.25 --wait 1 --maxrestarts 3 --abortonerror n --stopparentfirst undefined
2021-06-27 17:40:03 - Started 39200
2021-06-29 11:11:21 - Stopping debot.exe
2021-06-29 11:11:21 - ProcessKill 39200
2021-06-29 11:11:22 - Shutdown exception
Message:Se está cerrando el sistema.

Stacktrace:   en System.Runtime.InteropServices.Marshal.ThrowExceptionForHRInternal(Int32 errorCode, IntPtr errorInfo)
   en System.Management.ManagementScope.InitializeGuts(Object o)
   en System.Management.ManagementScope.Initialize()
   en System.Management.ManagementObjectSearcher.Initialize()
   en System.Management.ManagementObjectSearcher.Get()
   en winsw.WrapperService.GetChildPids(Int32 pid)
   en winsw.WrapperService.StopProcessAndChildren(Int32 pid)
   en winsw.WrapperService.StopIt()
   en winsw.WrapperService.OnShutdown()
2021-06-29 11:11:57 - Starting C:\Program Files\nodejs\node.exe  --harmony C:\Users\Fernando\AppData\Roaming\npm\node_modules\qckwinsvc\node_modules\node-windows\lib\wrapper.js --file C:\Users\Fernando\Desktop\code\discord\foca.js --log "debot wrapper" --grow 0.25 --wait 1 --maxrestarts 3 --abortonerror n --stopparentfirst undefined
2021-06-29 11:11:57 - Started 7536
2021-06-29 13:47:33 - Stopping debot.exe
2021-06-29 13:47:33 - ProcessKill 7536
2021-06-29 13:47:33 - Shutdown exception
Message:Clase no registrada

Stacktrace:   en System.Runtime.InteropServices.Marshal.ThrowExceptionForHRInternal(Int32 errorCode, IntPtr errorInfo)
   en System.Management.ManagementScope.InitializeGuts(Object o)
   en System.Management.ManagementScope.Initialize()
   en System.Management.ManagementObjectSearcher.Initialize()
   en System.Management.ManagementObjectSearcher.Get()
   en winsw.WrapperService.GetChildPids(Int32 pid)
   en winsw.WrapperService.StopProcessAndChildren(Int32 pid)
   en winsw.WrapperService.StopIt()
   en winsw.WrapperService.OnShutdown()
2021-06-29 13:48:09 - Starting C:\Program Files\nodejs\node.exe  --harmony C:\Users\Fernando\AppData\Roaming\npm\node_modules\qckwinsvc\node_modules\node-windows\lib\wrapper.js --file C:\Users\Fernando\Desktop\code\discord\foca.js --log "debot wrapper" --grow 0.25 --wait 1 --maxrestarts 3 --abortonerror n --stopparentfirst undefined
2021-06-29 13:48:09 - Started 7568
2021-06-30 11:54:32 - Stopping debot.exe
2021-06-30 11:54:32 - ProcessKill 7568
2021-06-30 11:54:33 - Found child process: 7584 Name: conhost.exe
2021-06-30 11:54:33 - Found child process: 8640 Name: node.exe
2021-06-30 11:54:33 - Stopping process 7584
2021-06-30 11:54:33 - Send SIGINT 7584
2021-06-30 11:54:33 - SIGINT to 7584 failed - Killing as fallback
2021-06-30 11:54:33 - Stopping process 8640
2021-06-30 11:54:33 - Send SIGINT 8640
2021-06-30 11:54:33 - SIGINT to 8640 failed - Killing as fallback
2021-06-30 11:54:33 - Stopping process 7568
2021-06-30 11:54:33 - Send SIGINT 7568
2021-06-30 11:54:33 - SIGINT to 7568 failed - Killing as fallback
2021-06-30 11:54:33 - Finished debot.exe
2021-06-30 11:56:39 - Starting C:\Program Files\nodejs\node.exe  --harmony C:\Users\Fernando\AppData\Roaming\npm\node_modules\qckwinsvc\node_modules\node-windows\lib\wrapper.js --file C:\Users\Fernando\Desktop\code\discord\foca.js --log "debot wrapper" --grow 0.25 --wait 1 --maxrestarts 3 --abortonerror n --stopparentfirst undefined
2021-06-30 11:56:39 - Started 21460
2021-06-30 14:35:27 - Stopping debot.exe
2021-06-30 14:35:27 - ProcessKill 21460
2021-06-30 14:35:27 - Shutdown exception
Message:Se está cerrando el sistema.

Stacktrace:   en System.Runtime.InteropServices.Marshal.ThrowExceptionForHRInternal(Int32 errorCode, IntPtr errorInfo)
   en System.Management.ManagementScope.InitializeGuts(Object o)
   en System.Management.ManagementScope.Initialize()
   en System.Management.ManagementObjectSearcher.Initialize()
   en System.Management.ManagementObjectSearcher.Get()
   en winsw.WrapperService.GetChildPids(Int32 pid)
   en winsw.WrapperService.StopProcessAndChildren(Int32 pid)
   en winsw.WrapperService.StopIt()
   en winsw.WrapperService.OnShutdown()
2021-06-30 14:36:08 - Starting C:\Program Files\nodejs\node.exe  --harmony C:\Users\Fernando\AppData\Roaming\npm\node_modules\qckwinsvc\node_modules\node-windows\lib\wrapper.js --file C:\Users\Fernando\Desktop\code\discord\foca.js --log "debot wrapper" --grow 0.25 --wait 1 --maxrestarts 3 --abortonerror n --stopparentfirst undefined
2021-06-30 14:36:08 - Started 3092
